Arguments: 
  /usr/bin/node /usr/local/bin/yarn add @fortawesome/fontawesome-free

PATH: 
  /home/mohammad/.rbenv/shims:/home/mohammad/.rbenv/bin:/home/mohammad/.rbenv/bin:/home/mohammad/.rbenv/bin:/home/mohammad/.rbenv/shims:/home/mohammad/.rbenv/bin:/home/mohammad/.rbenv/bin:/home/mohammad/.rbenv/shims:/home/mohammad/.rbenv/bin:/home/mohammad/.rbenv/bin:/home/mohammad/.rbenv/bin:/home/mohammad/.rbenv/shims:/home/mohammad/.rbenv/bin:/home/mohammad/.rbenv/bin:/usr/local/sbin:/usr/local/bin:/usr/sbin:/usr/bin:/sbin:/bin:/usr/games:/usr/local/games:/snap/bin

Yarn version: 
  1.22.19

Node version: 
  10.19.0

Platform: 
  linux x64

Trace: 
  Error: EACCES: permission denied, unlink '/home/mohammad/Desktop/RubyProject/rubytest/node_modules/.yarn-integrity'

npm manifest: 
  {
    "dependencies": {
      "bootstrap": "^5.2.0",
      "jquery": "^3.6.0",
      "popper.js": "^1.16.1"
    }
  }

yarn manifest: 
  No manifest

Lockfile: 
  # THIS IS AN AUTOGENERATED FILE. DO NOT EDIT THIS FILE DIRECTLY.
  # yarn lockfile v1
  
  
  bootstrap@^5.2.0:
    version "5.2.0"
    resolved "https://registry.yarnpkg.com/bootstrap/-/bootstrap-5.2.0.tgz#838727fb60f1630db370fe57c63cbcf2962bb3d3"
    integrity sha512-qlnS9GL6YZE6Wnef46GxGv1UpGGzAwO0aPL1yOjzDIJpeApeMvqV24iL+pjr2kU4dduoBA9fINKWKgMToobx9A==
  
  jquery@^3.6.0:
    version "3.6.0"
    resolved "https://registry.yarnpkg.com/jquery/-/jquery-3.6.0.tgz#c72a09f15c1bdce142f49dbf1170bdf8adac2470"
    integrity sha512-JVzAR/AjBvVt2BmYhxRCSYysDsPcssdmTFnzyLEts9qNwmjmu4JTAMYubEfwVOSwpQ1I1sKKFcxhZCI2buerfw==
  
  popper.js@^1.16.1:
    version "1.16.1"
    resolved "https://registry.yarnpkg.com/popper.js/-/popper.js-1.16.1.tgz#2a223cb3dc7b6213d740e40372be40de43e65b1b"
    integrity sha512-Wb4p1J4zyFTbM+u6WuO4XstYx4Ky9Cewe4DWrel7B0w6VVICvPwdOpotjzcf6eD8TsckVnIMNONQyPIUFOUbCQ==
